[2019-07-07 04:22:04] local.ERROR: Symfony\Component\Debug\Exception\FatalThrowableError: syntax error, unexpected ':', expecting ',' or ')' in C:\Users\swb\Documents\Projects\php\lumen\app3\app\Http\Controllers\ArticleController.php:22
Stack trace:
#0 C:\Users\swb\Documents\Projects\php\lumen\app3\vendor\composer\ClassLoader.php(322): Composer\Autoload\includeFile('C:\\Users\\swb\\Do...')
#1 [internal function]: Composer\Autoload\ClassLoader->loadClass('App\\Http\\Contro...')
#2 [internal function]: spl_autoload_call('App\\Http\\Contro...')
#3 C:\Users\swb\Documents\Projects\php\lumen\app3\vendor\illuminate\container\Container.php(790): ReflectionClass->__construct('App\\Http\\Contro...')
#4 C:\Users\swb\Documents\Projects\php\lumen\app3\vendor\illuminate\container\Container.php(667): Illuminate\Container\Container->build('App\\Http\\Contro...')
#5 C:\Users\swb\Documents\Projects\php\lumen\app3\vendor\illuminate\container\Container.php(615): Illuminate\Container\Container->resolve('App\\Http\\Contro...', Array)
#6 C:\Users\swb\Documents\Projects\php\lumen\app3\vendor\laravel\lumen-framework\src\Application.php(267): Illuminate\Container\Container->make('App\\Http\\Contro...', Array)
#7 C:\Users\swb\Documents\Projects\php\lumen\app3\vendor\laravel\lumen-framework\src\Concerns\RoutesRequests.php(311): Laravel\Lumen\Application->make('App\\Http\\Contro...')
#8 C:\Users\swb\Documents\Projects\php\lumen\app3\vendor\laravel\lumen-framework\src\Concerns\RoutesRequests.php(278): Laravel\Lumen\Application->callControllerAction(Array)
#9 C:\Users\swb\Documents\Projects\php\lumen\app3\vendor\laravel\lumen-framework\src\Concerns\RoutesRequests.php(263): Laravel\Lumen\Application->callActionOnArrayBasedRoute(Array)
#10 C:\Users\swb\Documents\Projects\php\lumen\app3\vendor\laravel\lumen-framework\src\Concerns\RoutesRequests.php(165): Laravel\Lumen\Application->handleFoundRoute(Array)
#11 C:\Users\swb\Documents\Projects\php\lumen\app3\vendor\laravel\lumen-framework\src\Concerns\RoutesRequests.php(416): Laravel\Lumen\Application->Laravel\Lumen\Concerns\{closure}(Object(Laravel\Lumen\Http\Request))
#12 C:\Users\swb\Documents\Projects\php\lumen\app3\vendor\laravel\lumen-framework\src\Concerns\RoutesRequests.php(171): Laravel\Lumen\Application->sendThroughPipeline(Array, Object(Closure))
#13 C:\Users\swb\Documents\Projects\php\lumen\app3\vendor\laravel\lumen-framework\src\Concerns\RoutesRequests.php(108): Laravel\Lumen\Application->dispatch(NULL)
#14 C:\Users\swb\Documents\Projects\php\lumen\app3\public\index.php(28): Laravel\Lumen\Application->run()
#15 {main} {"exception":"[object] (Symfony\\Component\\Debug\\Exception\\FatalThrowableError(code: 0): syntax error, unexpected ':', expecting ',' or ')' at C:\\Users\\swb\\Documents\\Projects\\php\\lumen\\app3\\app\\Http\\Controllers\\ArticleController.php:22)
[stacktrace]
#0 C:\\Users\\swb\\Documents\\Projects\\php\\lumen\\app3\\vendor\\composer\\ClassLoader.php(322): Composer\\Autoload\\includeFile('C:\\\\Users\\\\swb\\\\Do...')
#1 [internal function]: Composer\\Autoload\\ClassLoader->loadClass('App\\\\Http\\\\Contro...')
#2 [internal function]: spl_autoload_call('App\\\\Http\\\\Contro...')
#3 C:\\Users\\swb\\Documents\\Projects\\php\\lumen\\app3\\vendor\\illuminate\\container\\Container.php(790): ReflectionClass->__construct('App\\\\Http\\\\Contro...')
#4 C:\\Users\\swb\\Documents\\Projects\\php\\lumen\\app3\\vendor\\illuminate\\container\\Container.php(667): Illuminate\\Container\\Container->build('App\\\\Http\\\\Contro...')
#5 C:\\Users\\swb\\Documents\\Projects\\php\\lumen\\app3\\vendor\\illuminate\\container\\Container.php(615): Illuminate\\Container\\Container->resolve('App\\\\Http\\\\Contro...', Array)
#6 C:\\Users\\swb\\Documents\\Projects\\php\\lumen\\app3\\vendor\\laravel\\lumen-framework\\src\\Application.php(267): Illuminate\\Container\\Container->make('App\\\\Http\\\\Contro...', Array)
#7 C:\\Users\\swb\\Documents\\Projects\\php\\lumen\\app3\\vendor\\laravel\\lumen-framework\\src\\Concerns\\RoutesRequests.php(311): Laravel\\Lumen\\Application->make('App\\\\Http\\\\Contro...')
#8 C:\\Users\\swb\\Documents\\Projects\\php\\lumen\\app3\\vendor\\laravel\\lumen-framework\\src\\Concerns\\RoutesRequests.php(278): Laravel\\Lumen\\Application->callControllerAction(Array)
#9 C:\\Users\\swb\\Documents\\Projects\\php\\lumen\\app3\\vendor\\laravel\\lumen-framework\\src\\Concerns\\RoutesRequests.php(263): Laravel\\Lumen\\Application->callActionOnArrayBasedRoute(Array)
#10 C:\\Users\\swb\\Documents\\Projects\\php\\lumen\\app3\\vendor\\laravel\\lumen-framework\\src\\Concerns\\RoutesRequests.php(165): Laravel\\Lumen\\Application->handleFoundRoute(Array)
#11 C:\\Users\\swb\\Documents\\Projects\\php\\lumen\\app3\\vendor\\laravel\\lumen-framework\\src\\Concerns\\RoutesRequests.php(416): Laravel\\Lumen\\Application->Laravel\\Lumen\\Concerns\\{closure}(Object(Laravel\\Lumen\\Http\\Request))
#12 C:\\Users\\swb\\Documents\\Projects\\php\\lumen\\app3\\vendor\\laravel\\lumen-framework\\src\\Concerns\\RoutesRequests.php(171): Laravel\\Lumen\\Application->sendThroughPipeline(Array, Object(Closure))
#13 C:\\Users\\swb\\Documents\\Projects\\php\\lumen\\app3\\vendor\\laravel\\lumen-framework\\src\\Concerns\\RoutesRequests.php(108): Laravel\\Lumen\\Application->dispatch(NULL)
#14 C:\\Users\\swb\\Documents\\Projects\\php\\lumen\\app3\\public\\index.php(28): Laravel\\Lumen\\Application->run()
#15 {main}
"} 
[2019-07-07 04:22:49] local.ERROR: Symfony\Component\Debug\Exception\FatalThrowableError: syntax error, unexpected ':', expecting ',' or ')' in C:\Users\swb\Documents\Projects\php\lumen\app3\app\Http\Controllers\ArticleController.php:22
Stack trace:
#0 C:\Users\swb\Documents\Projects\php\lumen\app3\vendor\composer\ClassLoader.php(322): Composer\Autoload\includeFile('C:\\Users\\swb\\Do...')
#1 [internal function]: Composer\Autoload\ClassLoader->loadClass('App\\Http\\Contro...')
#2 [internal function]: spl_autoload_call('App\\Http\\Contro...')
#3 C:\Users\swb\Documents\Projects\php\lumen\app3\vendor\illuminate\container\Container.php(790): ReflectionClass->__construct('App\\Http\\Contro...')
#4 C:\Users\swb\Documents\Projects\php\lumen\app3\vendor\illuminate\container\Container.php(667): Illuminate\Container\Container->build('App\\Http\\Contro...')
#5 C:\Users\swb\Documents\Projects\php\lumen\app3\vendor\illuminate\container\Container.php(615): Illuminate\Container\Container->resolve('App\\Http\\Contro...', Array)
#6 C:\Users\swb\Documents\Projects\php\lumen\app3\vendor\laravel\lumen-framework\src\Application.php(267): Illuminate\Container\Container->make('App\\Http\\Contro...', Array)
#7 C:\Users\swb\Documents\Projects\php\lumen\app3\vendor\laravel\lumen-framework\src\Concerns\RoutesRequests.php(311): Laravel\Lumen\Application->make('App\\Http\\Contro...')
#8 C:\Users\swb\Documents\Projects\php\lumen\app3\vendor\laravel\lumen-framework\src\Concerns\RoutesRequests.php(278): Laravel\Lumen\Application->callControllerAction(Array)
#9 C:\Users\swb\Documents\Projects\php\lumen\app3\vendor\laravel\lumen-framework\src\Concerns\RoutesRequests.php(263): Laravel\Lumen\Application->callActionOnArrayBasedRoute(Array)
#10 C:\Users\swb\Documents\Projects\php\lumen\app3\vendor\laravel\lumen-framework\src\Concerns\RoutesRequests.php(165): Laravel\Lumen\Application->handleFoundRoute(Array)
#11 C:\Users\swb\Documents\Projects\php\lumen\app3\vendor\laravel\lumen-framework\src\Concerns\RoutesRequests.php(416): Laravel\Lumen\Application->Laravel\Lumen\Concerns\{closure}(Object(Laravel\Lumen\Http\Request))
#12 C:\Users\swb\Documents\Projects\php\lumen\app3\vendor\laravel\lumen-framework\src\Concerns\RoutesRequests.php(171): Laravel\Lumen\Application->sendThroughPipeline(Array, Object(Closure))
#13 C:\Users\swb\Documents\Projects\php\lumen\app3\vendor\laravel\lumen-framework\src\Concerns\RoutesRequests.php(108): Laravel\Lumen\Application->dispatch(NULL)
#14 C:\Users\swb\Documents\Projects\php\lumen\app3\public\index.php(28): Laravel\Lumen\Application->run()
#15 {main} {"exception":"[object] (Symfony\\Component\\Debug\\Exception\\FatalThrowableError(code: 0): syntax error, unexpected ':', expecting ',' or ')' at C:\\Users\\swb\\Documents\\Projects\\php\\lumen\\app3\\app\\Http\\Controllers\\ArticleController.php:22)
[stacktrace]
#0 C:\\Users\\swb\\Documents\\Projects\\php\\lumen\\app3\\vendor\\composer\\ClassLoader.php(322): Composer\\Autoload\\includeFile('C:\\\\Users\\\\swb\\\\Do...')
#1 [internal function]: Composer\\Autoload\\ClassLoader->loadClass('App\\\\Http\\\\Contro...')
#2 [internal function]: spl_autoload_call('App\\\\Http\\\\Contro...')
#3 C:\\Users\\swb\\Documents\\Projects\\php\\lumen\\app3\\vendor\\illuminate\\container\\Container.php(790): ReflectionClass->__construct('App\\\\Http\\\\Contro...')
#4 C:\\Users\\swb\\Documents\\Projects\\php\\lumen\\app3\\vendor\\illuminate\\container\\Container.php(667): Illuminate\\Container\\Container->build('App\\\\Http\\\\Contro...')
#5 C:\\Users\\swb\\Documents\\Projects\\php\\lumen\\app3\\vendor\\illuminate\\container\\Container.php(615): Illuminate\\Container\\Container->resolve('App\\\\Http\\\\Contro...', Array)
#6 C:\\Users\\swb\\Documents\\Projects\\php\\lumen\\app3\\vendor\\laravel\\lumen-framework\\src\\Application.php(267): Illuminate\\Container\\Container->make('App\\\\Http\\\\Contro...', Array)
#7 C:\\Users\\swb\\Documents\\Projects\\php\\lumen\\app3\\vendor\\laravel\\lumen-framework\\src\\Concerns\\RoutesRequests.php(311): Laravel\\Lumen\\Application->make('App\\\\Http\\\\Contro...')
#8 C:\\Users\\swb\\Documents\\Projects\\php\\lumen\\app3\\vendor\\laravel\\lumen-framework\\src\\Concerns\\RoutesRequests.php(278): Laravel\\Lumen\\Application->callControllerAction(Array)
#9 C:\\Users\\swb\\Documents\\Projects\\php\\lumen\\app3\\vendor\\laravel\\lumen-framework\\src\\Concerns\\RoutesRequests.php(263): Laravel\\Lumen\\Application->callActionOnArrayBasedRoute(Array)
#10 C:\\Users\\swb\\Documents\\Projects\\php\\lumen\\app3\\vendor\\laravel\\lumen-framework\\src\\Concerns\\RoutesRequests.php(165): Laravel\\Lumen\\Application->handleFoundRoute(Array)
#11 C:\\Users\\swb\\Documents\\Projects\\php\\lumen\\app3\\vendor\\laravel\\lumen-framework\\src\\Concerns\\RoutesRequests.php(416): Laravel\\Lumen\\Application->Laravel\\Lumen\\Concerns\\{closure}(Object(Laravel\\Lumen\\Http\\Request))
#12 C:\\Users\\swb\\Documents\\Projects\\php\\lumen\\app3\\vendor\\laravel\\lumen-framework\\src\\Concerns\\RoutesRequests.php(171): Laravel\\Lumen\\Application->sendThroughPipeline(Array, Object(Closure))
#13 C:\\Users\\swb\\Documents\\Projects\\php\\lumen\\app3\\vendor\\laravel\\lumen-framework\\src\\Concerns\\RoutesRequests.php(108): Laravel\\Lumen\\Application->dispatch(NULL)
#14 C:\\Users\\swb\\Documents\\Projects\\php\\lumen\\app3\\public\\index.php(28): Laravel\\Lumen\\Application->run()
#15 {main}
"} 
[2019-07-07 04:23:49] local.ERROR: Symfony\Component\Debug\Exception\FatalThrowableError: syntax error, unexpected ':', expecting ',' or ')' in C:\Users\swb\Documents\Projects\php\lumen\app3\app\Http\Controllers\ArticleController.php:22
Stack trace:
#0 C:\Users\swb\Documents\Projects\php\lumen\app3\vendor\composer\ClassLoader.php(322): Composer\Autoload\includeFile('C:\\Users\\swb\\Do...')
#1 [internal function]: Composer\Autoload\ClassLoader->loadClass('App\\Http\\Contro...')
#2 [internal function]: spl_autoload_call('App\\Http\\Contro...')
#3 C:\Users\swb\Documents\Projects\php\lumen\app3\vendor\illuminate\container\Container.php(790): ReflectionClass->__construct('App\\Http\\Contro...')
#4 C:\Users\swb\Documents\Projects\php\lumen\app3\vendor\illuminate\container\Container.php(667): Illuminate\Container\Container->build('App\\Http\\Contro...')
#5 C:\Users\swb\Documents\Projects\php\lumen\app3\vendor\illuminate\container\Container.php(615): Illuminate\Container\Container->resolve('App\\Http\\Contro...', Array)
#6 C:\Users\swb\Documents\Projects\php\lumen\app3\vendor\laravel\lumen-framework\src\Application.php(267): Illuminate\Container\Container->make('App\\Http\\Contro...', Array)
#7 C:\Users\swb\Documents\Projects\php\lumen\app3\vendor\laravel\lumen-framework\src\Concerns\RoutesRequests.php(311): Laravel\Lumen\Application->make('App\\Http\\Contro...')
#8 C:\Users\swb\Documents\Projects\php\lumen\app3\vendor\laravel\lumen-framework\src\Concerns\RoutesRequests.php(278): Laravel\Lumen\Application->callControllerAction(Array)
#9 C:\Users\swb\Documents\Projects\php\lumen\app3\vendor\laravel\lumen-framework\src\Concerns\RoutesRequests.php(263): Laravel\Lumen\Application->callActionOnArrayBasedRoute(Array)
#10 C:\Users\swb\Documents\Projects\php\lumen\app3\vendor\laravel\lumen-framework\src\Concerns\RoutesRequests.php(165): Laravel\Lumen\Application->handleFoundRoute(Array)
#11 C:\Users\swb\Documents\Projects\php\lumen\app3\vendor\laravel\lumen-framework\src\Concerns\RoutesRequests.php(416): Laravel\Lumen\Application->Laravel\Lumen\Concerns\{closure}(Object(Laravel\Lumen\Http\Request))
#12 C:\Users\swb\Documents\Projects\php\lumen\app3\vendor\laravel\lumen-framework\src\Concerns\RoutesRequests.php(171): Laravel\Lumen\Application->sendThroughPipeline(Array, Object(Closure))
#13 C:\Users\swb\Documents\Projects\php\lumen\app3\vendor\laravel\lumen-framework\src\Concerns\RoutesRequests.php(108): Laravel\Lumen\Application->dispatch(NULL)
#14 C:\Users\swb\Documents\Projects\php\lumen\app3\public\index.php(28): Laravel\Lumen\Application->run()
#15 {main} {"exception":"[object] (Symfony\\Component\\Debug\\Exception\\FatalThrowableError(code: 0): syntax error, unexpected ':', expecting ',' or ')' at C:\\Users\\swb\\Documents\\Projects\\php\\lumen\\app3\\app\\Http\\Controllers\\ArticleController.php:22)
[stacktrace]
#0 C:\\Users\\swb\\Documents\\Projects\\php\\lumen\\app3\\vendor\\composer\\ClassLoader.php(322): Composer\\Autoload\\includeFile('C:\\\\Users\\\\swb\\\\Do...')
#1 [internal function]: Composer\\Autoload\\ClassLoader->loadClass('App\\\\Http\\\\Contro...')
#2 [internal function]: spl_autoload_call('App\\\\Http\\\\Contro...')
#3 C:\\Users\\swb\\Documents\\Projects\\php\\lumen\\app3\\vendor\\illuminate\\container\\Container.php(790): ReflectionClass->__construct('App\\\\Http\\\\Contro...')
#4 C:\\Users\\swb\\Documents\\Projects\\php\\lumen\\app3\\vendor\\illuminate\\container\\Container.php(667): Illuminate\\Container\\Container->build('App\\\\Http\\\\Contro...')
#5 C:\\Users\\swb\\Documents\\Projects\\php\\lumen\\app3\\vendor\\illuminate\\container\\Container.php(615): Illuminate\\Container\\Container->resolve('App\\\\Http\\\\Contro...', Array)
#6 C:\\Users\\swb\\Documents\\Projects\\php\\lumen\\app3\\vendor\\laravel\\lumen-framework\\src\\Application.php(267): Illuminate\\Container\\Container->make('App\\\\Http\\\\Contro...', Array)
#7 C:\\Users\\swb\\Documents\\Projects\\php\\lumen\\app3\\vendor\\laravel\\lumen-framework\\src\\Concerns\\RoutesRequests.php(311): Laravel\\Lumen\\Application->make('App\\\\Http\\\\Contro...')
#8 C:\\Users\\swb\\Documents\\Projects\\php\\lumen\\app3\\vendor\\laravel\\lumen-framework\\src\\Concerns\\RoutesRequests.php(278): Laravel\\Lumen\\Application->callControllerAction(Array)
#9 C:\\Users\\swb\\Documents\\Projects\\php\\lumen\\app3\\vendor\\laravel\\lumen-framework\\src\\Concerns\\RoutesRequests.php(263): Laravel\\Lumen\\Application->callActionOnArrayBasedRoute(Array)
#10 C:\\Users\\swb\\Documents\\Projects\\php\\lumen\\app3\\vendor\\laravel\\lumen-framework\\src\\Concerns\\RoutesRequests.php(165): Laravel\\Lumen\\Application->handleFoundRoute(Array)
#11 C:\\Users\\swb\\Documents\\Projects\\php\\lumen\\app3\\vendor\\laravel\\lumen-framework\\src\\Concerns\\RoutesRequests.php(416): Laravel\\Lumen\\Application->Laravel\\Lumen\\Concerns\\{closure}(Object(Laravel\\Lumen\\Http\\Request))
#12 C:\\Users\\swb\\Documents\\Projects\\php\\lumen\\app3\\vendor\\laravel\\lumen-framework\\src\\Concerns\\RoutesRequests.php(171): Laravel\\Lumen\\Application->sendThroughPipeline(Array, Object(Closure))
#13 C:\\Users\\swb\\Documents\\Projects\\php\\lumen\\app3\\vendor\\laravel\\lumen-framework\\src\\Concerns\\RoutesRequests.php(108): Laravel\\Lumen\\Application->dispatch(NULL)
#14 C:\\Users\\swb\\Documents\\Projects\\php\\lumen\\app3\\public\\index.php(28): Laravel\\Lumen\\Application->run()
#15 {main}
"} 
[2019-07-07 04:24:04] local.ERROR: Symfony\Component\Debug\Exception\FatalThrowableError: syntax error, unexpected ':', expecting ',' or ')' in C:\Users\swb\Documents\Projects\php\lumen\app3\app\Http\Controllers\ArticleController.php:22
Stack trace:
#0 C:\Users\swb\Documents\Projects\php\lumen\app3\vendor\composer\ClassLoader.php(322): Composer\Autoload\includeFile('C:\\Users\\swb\\Do...')
#1 [internal function]: Composer\Autoload\ClassLoader->loadClass('App\\Http\\Contro...')
#2 [internal function]: spl_autoload_call('App\\Http\\Contro...')
#3 C:\Users\swb\Documents\Projects\php\lumen\app3\vendor\illuminate\container\Container.php(790): ReflectionClass->__construct('App\\Http\\Contro...')
#4 C:\Users\swb\Documents\Projects\php\lumen\app3\vendor\illuminate\container\Container.php(667): Illuminate\Container\Container->build('App\\Http\\Contro...')
#5 C:\Users\swb\Documents\Projects\php\lumen\app3\vendor\illuminate\container\Container.php(615): Illuminate\Container\Container->resolve('App\\Http\\Contro...', Array)
#6 C:\Users\swb\Documents\Projects\php\lumen\app3\vendor\laravel\lumen-framework\src\Application.php(267): Illuminate\Container\Container->make('App\\Http\\Contro...', Array)
#7 C:\Users\swb\Documents\Projects\php\lumen\app3\vendor\laravel\lumen-framework\src\Concerns\RoutesRequests.php(311): Laravel\Lumen\Application->make('App\\Http\\Contro...')
#8 C:\Users\swb\Documents\Projects\php\lumen\app3\vendor\laravel\lumen-framework\src\Concerns\RoutesRequests.php(278): Laravel\Lumen\Application->callControllerAction(Array)
#9 C:\Users\swb\Documents\Projects\php\lumen\app3\vendor\laravel\lumen-framework\src\Concerns\RoutesRequests.php(263): Laravel\Lumen\Application->callActionOnArrayBasedRoute(Array)
#10 C:\Users\swb\Documents\Projects\php\lumen\app3\vendor\laravel\lumen-framework\src\Concerns\RoutesRequests.php(165): Laravel\Lumen\Application->handleFoundRoute(Array)
#11 C:\Users\swb\Documents\Projects\php\lumen\app3\vendor\laravel\lumen-framework\src\Concerns\RoutesRequests.php(416): Laravel\Lumen\Application->Laravel\Lumen\Concerns\{closure}(Object(Laravel\Lumen\Http\Request))
#12 C:\Users\swb\Documents\Projects\php\lumen\app3\vendor\laravel\lumen-framework\src\Concerns\RoutesRequests.php(171): Laravel\Lumen\Application->sendThroughPipeline(Array, Object(Closure))
#13 C:\Users\swb\Documents\Projects\php\lumen\app3\vendor\laravel\lumen-framework\src\Concerns\RoutesRequests.php(108): Laravel\Lumen\Application->dispatch(NULL)
#14 C:\Users\swb\Documents\Projects\php\lumen\app3\public\index.php(28): Laravel\Lumen\Application->run()
#15 {main} {"exception":"[object] (Symfony\\Component\\Debug\\Exception\\FatalThrowableError(code: 0): syntax error, unexpected ':', expecting ',' or ')' at C:\\Users\\swb\\Documents\\Projects\\php\\lumen\\app3\\app\\Http\\Controllers\\ArticleController.php:22)
[stacktrace]
#0 C:\\Users\\swb\\Documents\\Projects\\php\\lumen\\app3\\vendor\\composer\\ClassLoader.php(322): Composer\\Autoload\\includeFile('C:\\\\Users\\\\swb\\\\Do...')
#1 [internal function]: Composer\\Autoload\\ClassLoader->loadClass('App\\\\Http\\\\Contro...')
#2 [internal function]: spl_autoload_call('App\\\\Http\\\\Contro...')
#3 C:\\Users\\swb\\Documents\\Projects\\php\\lumen\\app3\\vendor\\illuminate\\container\\Container.php(790): ReflectionClass->__construct('App\\\\Http\\\\Contro...')
#4 C:\\Users\\swb\\Documents\\Projects\\php\\lumen\\app3\\vendor\\illuminate\\container\\Container.php(667): Illuminate\\Container\\Container->build('App\\\\Http\\\\Contro...')
#5 C:\\Users\\swb\\Documents\\Projects\\php\\lumen\\app3\\vendor\\illuminate\\container\\Container.php(615): Illuminate\\Container\\Container->resolve('App\\\\Http\\\\Contro...', Array)
#6 C:\\Users\\swb\\Documents\\Projects\\php\\lumen\\app3\\vendor\\laravel\\lumen-framework\\src\\Application.php(267): Illuminate\\Container\\Container->make('App\\\\Http\\\\Contro...', Array)
#7 C:\\Users\\swb\\Documents\\Projects\\php\\lumen\\app3\\vendor\\laravel\\lumen-framework\\src\\Concerns\\RoutesRequests.php(311): Laravel\\Lumen\\Application->make('App\\\\Http\\\\Contro...')
#8 C:\\Users\\swb\\Documents\\Projects\\php\\lumen\\app3\\vendor\\laravel\\lumen-framework\\src\\Concerns\\RoutesRequests.php(278): Laravel\\Lumen\\Application->callControllerAction(Array)
#9 C:\\Users\\swb\\Documents\\Projects\\php\\lumen\\app3\\vendor\\laravel\\lumen-framework\\src\\Concerns\\RoutesRequests.php(263): Laravel\\Lumen\\Application->callActionOnArrayBasedRoute(Array)
#10 C:\\Users\\swb\\Documents\\Projects\\php\\lumen\\app3\\vendor\\laravel\\lumen-framework\\src\\Concerns\\RoutesRequests.php(165): Laravel\\Lumen\\Application->handleFoundRoute(Array)
#11 C:\\Users\\swb\\Documents\\Projects\\php\\lumen\\app3\\vendor\\laravel\\lumen-framework\\src\\Concerns\\RoutesRequests.php(416): Laravel\\Lumen\\Application->Laravel\\Lumen\\Concerns\\{closure}(Object(Laravel\\Lumen\\Http\\Request))
#12 C:\\Users\\swb\\Documents\\Projects\\php\\lumen\\app3\\vendor\\laravel\\lumen-framework\\src\\Concerns\\RoutesRequests.php(171): Laravel\\Lumen\\Application->sendThroughPipeline(Array, Object(Closure))
#13 C:\\Users\\swb\\Documents\\Projects\\php\\lumen\\app3\\vendor\\laravel\\lumen-framework\\src\\Concerns\\RoutesRequests.php(108): Laravel\\Lumen\\Application->dispatch(NULL)
#14 C:\\Users\\swb\\Documents\\Projects\\php\\lumen\\app3\\public\\index.php(28): Laravel\\Lumen\\Application->run()
#15 {main}
"} 
[2019-07-07 04:25:41] local.ERROR: Symfony\Component\Debug\Exception\FatalErrorException: Trait 'App\Authenticatable' not found in C:\Users\swb\Documents\Projects\php\lumen\app3\app\Article.php:9
Stack trace:
#0 C:\Users\swb\Documents\Projects\php\lumen\app3\vendor\laravel\lumen-framework\src\Concerns\RegistersExceptionHandlers.php(54): Laravel\Lumen\Application->handleShutdown()
#1 [internal function]: Laravel\Lumen\Application->Laravel\Lumen\Concerns\{closure}()
#2 {main} {"exception":"[object] (Symfony\\Component\\Debug\\Exception\\FatalErrorException(code: 1): Trait 'App\\Authenticatable' not found at C:\\Users\\swb\\Documents\\Projects\\php\\lumen\\app3\\app\\Article.php:9)
[stacktrace]
#0 C:\\Users\\swb\\Documents\\Projects\\php\\lumen\\app3\\vendor\\laravel\\lumen-framework\\src\\Concerns\\RegistersExceptionHandlers.php(54): Laravel\\Lumen\\Application->handleShutdown()
#1 [internal function]: Laravel\\Lumen\\Application->Laravel\\Lumen\\Concerns\\{closure}()
#2 {main}
"} 
